<?xml version="1.0" encoding="UTF-8"?>
<testsuite xmlns:xsi="http://www.w3.org/2001/XMLSchema-instance" xsi:noNamespaceSchemaLocation="https://maven.apache.org/surefire/maven-surefire-plugin/xsd/surefire-test-report.xsd" name="BankAccountTest" time="0.025" tests="16" errors="0" skipped="0" failures="1">
  <properties>
    <property name="java.specification.version" value="22"/>
    <property name="sun.jnu.encoding" value="UTF-8"/>
    <property name="java.class.path" value="/Users/abilashraghuram/CodeIntegrity/HenryAI/examples/java_maven/target/test-classes:/Users/abilashraghuram/CodeIntegrity/HenryAI/examples/java_maven/target/classes:/Users/abilashraghuram/.m2/repository/org/junit/jupiter/junit-jupiter/5.7.0/junit-jupiter-5.7.0.jar:/Users/abilashraghuram/.m2/repository/org/junit/jupiter/junit-jupiter-api/5.7.0/junit-jupiter-api-5.7.0.jar:/Users/abilashraghuram/.m2/repository/org/apiguardian/apiguardian-api/1.1.0/apiguardian-api-1.1.0.jar:/Users/abilashraghuram/.m2/repository/org/opentest4j/opentest4j/1.2.0/opentest4j-1.2.0.jar:/Users/abilashraghuram/.m2/repository/org/junit/platform/junit-platform-commons/1.7.0/junit-platform-commons-1.7.0.jar:/Users/abilashraghuram/.m2/repository/org/junit/jupiter/junit-jupiter-params/5.7.0/junit-jupiter-params-5.7.0.jar:/Users/abilashraghuram/.m2/repository/org/junit/jupiter/junit-jupiter-engine/5.7.0/junit-jupiter-engine-5.7.0.jar:/Users/abilashraghuram/.m2/repository/org/junit/platform/junit-platform-engine/1.7.0/junit-platform-engine-1.7.0.jar:"/>
    <property name="java.vm.vendor" value="Homebrew"/>
    <property name="sun.arch.data.model" value="64"/>
    <property name="java.vendor.url" value="https://github.com/Homebrew/homebrew-core/issues"/>
    <property name="os.name" value="Mac OS X"/>
    <property name="java.vm.specification.version" value="22"/>
    <property name="sun.java.launcher" value="SUN_STANDARD"/>
    <property name="user.country" value="US"/>
    <property name="sun.boot.library.path" value="/opt/homebrew/Cellar/openjdk/22.0.1/libexec/openjdk.jdk/Contents/Home/lib"/>
    <property name="sun.java.command" value="/Users/abilashraghuram/CodeIntegrity/HenryAI/examples/java_maven/target/surefire/surefirebooter7277804061480746604.jar /Users/abilashraghuram/CodeIntegrity/HenryAI/examples/java_maven/target/surefire 2024-07-20T15-26-27_628-jvmRun1 surefire2942098235676006371tmp surefire_0775062879970696209tmp"/>
    <property name="http.nonProxyHosts" value="local|*.local|169.254/16|*.169.254/16"/>
    <property name="jdk.debug" value="release"/>
    <property name="surefire.test.class.path" value="/Users/abilashraghuram/CodeIntegrity/HenryAI/examples/java_maven/target/test-classes:/Users/abilashraghuram/CodeIntegrity/HenryAI/examples/java_maven/target/classes:/Users/abilashraghuram/.m2/repository/org/junit/jupiter/junit-jupiter/5.7.0/junit-jupiter-5.7.0.jar:/Users/abilashraghuram/.m2/repository/org/junit/jupiter/junit-jupiter-api/5.7.0/junit-jupiter-api-5.7.0.jar:/Users/abilashraghuram/.m2/repository/org/apiguardian/apiguardian-api/1.1.0/apiguardian-api-1.1.0.jar:/Users/abilashraghuram/.m2/repository/org/opentest4j/opentest4j/1.2.0/opentest4j-1.2.0.jar:/Users/abilashraghuram/.m2/repository/org/junit/platform/junit-platform-commons/1.7.0/junit-platform-commons-1.7.0.jar:/Users/abilashraghuram/.m2/repository/org/junit/jupiter/junit-jupiter-params/5.7.0/junit-jupiter-params-5.7.0.jar:/Users/abilashraghuram/.m2/repository/org/junit/jupiter/junit-jupiter-engine/5.7.0/junit-jupiter-engine-5.7.0.jar:/Users/abilashraghuram/.m2/repository/org/junit/platform/junit-platform-engine/1.7.0/junit-platform-engine-1.7.0.jar:"/>
    <property name="sun.cpu.endian" value="little"/>
    <property name="user.home" value="/Users/abilashraghuram"/>
    <property name="user.language" value="en"/>
    <property name="java.specification.vendor" value="Oracle Corporation"/>
    <property name="java.version.date" value="2024-04-16"/>
    <property name="java.home" value="/opt/homebrew/Cellar/openjdk/22.0.1/libexec/openjdk.jdk/Contents/Home"/>
    <property name="file.separator" value="/"/>
    <property name="basedir" value="/Users/abilashraghuram/CodeIntegrity/HenryAI/examples/java_maven"/>
    <property name="java.vm.compressedOopsMode" value="Zero based"/>
    <property name="line.separator" value="&#10;"/>
    <property name="java.vm.specification.vendor" value="Oracle Corporation"/>
    <property name="java.specification.name" value="Java Platform API Specification"/>
    <property name="apple.awt.application.name" value="ForkedBooter"/>
    <property name="surefire.real.class.path" value="/Users/abilashraghuram/CodeIntegrity/HenryAI/examples/java_maven/target/surefire/surefirebooter7277804061480746604.jar"/>
    <property name="sun.management.compiler" value="HotSpot 64-Bit Tiered Compilers"/>
    <property name="ftp.nonProxyHosts" value="local|*.local|169.254/16|*.169.254/16"/>
    <property name="java.runtime.version" value="22.0.1"/>
    <property name="user.name" value="abilashraghuram"/>
    <property name="stdout.encoding" value="UTF-8"/>
    <property name="path.separator" value=":"/>
    <property name="os.version" value="14.4"/>
    <property name="java.runtime.name" value="OpenJDK Runtime Environment"/>
    <property name="file.encoding" value="UTF-8"/>
    <property name="java.vm.name" value="OpenJDK 64-Bit Server VM"/>
    <property name="java.vendor.version" value="Homebrew"/>
    <property name="localRepository" value="/Users/abilashraghuram/.m2/repository"/>
    <property name="java.vendor.url.bug" value="https://github.com/Homebrew/homebrew-core/issues"/>
    <property name="java.io.tmpdir" value="/var/folders/45/18rvmgk53kb6jgm_jxvv_4q00000gn/T/"/>
    <property name="java.version" value="22.0.1"/>
    <property name="user.dir" value="/Users/abilashraghuram/CodeIntegrity/HenryAI/examples/java_maven"/>
    <property name="os.arch" value="aarch64"/>
    <property name="java.vm.specification.name" value="Java Virtual Machine Specification"/>
    <property name="native.encoding" value="UTF-8"/>
    <property name="java.library.path" value="/Users/abilashraghuram/Library/Java/Extensions:/Library/Java/Extensions:/Network/Library/Java/Extensions:/System/Library/Java/Extensions:/usr/lib/java:."/>
    <property name="java.vm.info" value="mixed mode, sharing"/>
    <property name="stderr.encoding" value="UTF-8"/>
    <property name="java.vendor" value="Homebrew"/>
    <property name="java.vm.version" value="22.0.1"/>
    <property name="sun.io.unicode.encoding" value="UnicodeBig"/>
    <property name="socksNonProxyHosts" value="local|*.local|169.254/16|*.169.254/16"/>
    <property name="java.class.version" value="66.0"/>
  </properties>
  <testcase name="testInitialBalanceNegative" classname="BankAccountTest" time="0.009"/>
  <testcase name="testScheduleTransactionValidDays" classname="BankAccountTest" time="0.003"/>
  <testcase name="testDepositNonPositiveAmount" classname="BankAccountTest" time="0"/>
  <testcase name="testWithdrawInsufficientFunds" classname="BankAccountTest" time="0.001"/>
  <testcase name="testWithdrawExceedsBalanceMinusOverdraftLimit" classname="BankAccountTest" time="0"/>
  <testcase name="testTransactionHistoryMutability" classname="BankAccountTest" time="0"/>
  <testcase name="testScheduleTransactionZeroDaysException" classname="BankAccountTest" time="0.004">
    <failure message="Expected java.lang.IllegalArgumentException to be thrown, but nothing was thrown." type="org.opentest4j.AssertionFailedError">org.opentest4j.AssertionFailedError: Expected java.lang.IllegalArgumentException to be thrown, but nothing was thrown.
	at BankAccountTest.testScheduleTransactionZeroDaysException(BankAccountTest.java:152)
</failure>
  </testcase>
  <testcase name="testApplyAnnualInterestPositiveRate" classname="BankAccountTest" time="0"/>
  <testcase name="testWithdraw" classname="BankAccountTest" time="0"/>
  <testcase name="testInitialBalance" classname="BankAccountTest" time="0"/>
  <testcase name="testGetTransactionHistory" classname="BankAccountTest" time="0"/>
  <testcase name="testDeposit" classname="BankAccountTest" time="0.001"/>
  <testcase name="testApplyAnnualInterestNonPositiveRate" classname="BankAccountTest" time="0"/>
  <testcase name="testExecuteBatchTransactions" classname="BankAccountTest" time="0.001"/>
  <testcase name="testScheduleTransactionNegativeDays" classname="BankAccountTest" time="0"/>
  <testcase name="testWithdrawNonPositiveAmount" classname="BankAccountTest" time="0.001"/>
</testsuite>